{"/Applications/MINE/LINE/line-test/src/index.jsx": {"path":"/Applications/MINE/LINE/line-test/src/index.jsx","statementMap":{"0":{"start":{"line":10,"column":19},"end":{"line":31,"column":1}},"1":{"start":{"line":15,"column":4},"end":{"line":15,"column":21}},"2":{"start":{"line":19,"column":17},"end":{"line":19,"column":49}},"3":{"start":{"line":33,"column":0},"end":{"line":33,"column":10}}},"fnMap":{"0":{"name":"(anonymous_0)","decl":{"start":{"line":14,"column":2},"end":{"line":14,"column":3}},"loc":{"start":{"line":14,"column":8},"end":{"line":16,"column":3}},"line":14},"1":{"name":"(anonymous_1)","decl":{"start":{"line":18,"column":2},"end":{"line":18,"column":3}},"loc":{"start":{"line":18,"column":20},"end":{"line":30,"column":3}},"line":18}},"branchMap":{},"s":{"0":1,"1":1,"2":1,"3":1},"f":{"0":1,"1":1},"b":{},"_coverageSchema":"43e27e138ebf9cfc5966b082cf9a028302ed4184","hash":"e9d7e4984c2b525898c633899f3adb3cb2630d61"}
,"/Applications/MINE/LINE/line-test/src/components/index.js": {"path":"/Applications/MINE/LINE/line-test/src/components/index.js","statementMap":{},"fnMap":{},"branchMap":{},"s":{},"f":{},"b":{},"_coverageSchema":"43e27e138ebf9cfc5966b082cf9a028302ed4184","hash":"5576c61d915e9487e9e307b479f456df4602bd90"}
,"/Applications/MINE/LINE/line-test/src/components/Alert/index.jsx": {"path":"/Applications/MINE/LINE/line-test/src/components/Alert/index.jsx","statementMap":{"0":{"start":{"line":5,"column":36},"end":{"line":5,"column":41}},"1":{"start":{"line":6,"column":2},"end":{"line":8,"column":3}},"2":{"start":{"line":7,"column":4},"end":{"line":7,"column":16}},"3":{"start":{"line":9,"column":2},"end":{"line":13,"column":4}},"4":{"start":{"line":16,"column":0},"end":{"line":20,"column":2}},"5":{"start":{"line":22,"column":0},"end":{"line":25,"column":2}}},"fnMap":{"0":{"name":"Alert","decl":{"start":{"line":4,"column":9},"end":{"line":4,"column":14}},"loc":{"start":{"line":4,"column":22},"end":{"line":14,"column":1}},"line":4}},"branchMap":{"0":{"loc":{"start":{"line":6,"column":2},"end":{"line":8,"column":3}},"type":"if","locations":[{"start":{"line":6,"column":2},"end":{"line":8,"column":3}},{"start":{"line":6,"column":2},"end":{"line":8,"column":3}}],"line":6}},"s":{"0":1,"1":1,"2":1,"3":0,"4":2,"5":2},"f":{"0":1},"b":{"0":[1,0]},"_coverageSchema":"43e27e138ebf9cfc5966b082cf9a028302ed4184","hash":"ca3ff03c1a85672cfd1c6b2be6b1348306e76794"}
,"/Applications/MINE/LINE/line-test/src/components/CountingTextArea/index.jsx": {"path":"/Applications/MINE/LINE/line-test/src/components/CountingTextArea/index.jsx","statementMap":{"0":{"start":{"line":5,"column":43},"end":{"line":5,"column":48}},"1":{"start":{"line":6,"column":28},"end":{"line":6,"column":39}},"2":{"start":{"line":7,"column":2},"end":{"line":20,"column":4}},"3":{"start":{"line":12,"column":10},"end":{"line":12,"column":46}},"4":{"start":{"line":13,"column":10},"end":{"line":13,"column":26}},"5":{"start":{"line":22,"column":0},"end":{"line":25,"column":2}}},"fnMap":{"0":{"name":"CountingTextArea","decl":{"start":{"line":4,"column":9},"end":{"line":4,"column":25}},"loc":{"start":{"line":4,"column":33},"end":{"line":21,"column":1}},"line":4},"1":{"name":"(anonymous_1)","decl":{"start":{"line":11,"column":18},"end":{"line":11,"column":19}},"loc":{"start":{"line":11,"column":27},"end":{"line":14,"column":9}},"line":11}},"branchMap":{},"s":{"0":0,"1":0,"2":0,"3":0,"4":0,"5":2},"f":{"0":0,"1":0},"b":{},"_coverageSchema":"43e27e138ebf9cfc5966b082cf9a028302ed4184","hash":"7fd221408e95e5f438d5c32b020f01274591af1e"}
,"/Applications/MINE/LINE/line-test/src/components/DataProvider/index.jsx": {"path":"/Applications/MINE/LINE/line-test/src/components/DataProvider/index.jsx","statementMap":{"0":{"start":{"line":4,"column":22},"end":{"line":9,"column":1}},"1":{"start":{"line":11,"column":27},"end":{"line":11,"column":61}},"2":{"start":{"line":15,"column":4},"end":{"line":15,"column":17}},"3":{"start":{"line":16,"column":4},"end":{"line":16,"column":31}},"4":{"start":{"line":17,"column":4},"end":{"line":17,"column":51}},"5":{"start":{"line":25,"column":4},"end":{"line":25,"column":33}},"6":{"start":{"line":29,"column":25},"end":{"line":29,"column":35}},"7":{"start":{"line":30,"column":4},"end":{"line":39,"column":6}}},"fnMap":{"0":{"name":"(anonymous_0)","decl":{"start":{"line":14,"column":2},"end":{"line":14,"column":3}},"loc":{"start":{"line":14,"column":21},"end":{"line":18,"column":3}},"line":14},"1":{"name":"(anonymous_1)","decl":{"start":{"line":24,"column":2},"end":{"line":24,"column":3}},"loc":{"start":{"line":24,"column":25},"end":{"line":26,"column":3}},"line":24},"2":{"name":"(anonymous_2)","decl":{"start":{"line":28,"column":2},"end":{"line":28,"column":3}},"loc":{"start":{"line":28,"column":11},"end":{"line":40,"column":3}},"line":28}},"branchMap":{},"s":{"0":2,"1":2,"2":0,"3":0,"4":0,"5":0,"6":0,"7":0},"f":{"0":0,"1":0,"2":0},"b":{},"_coverageSchema":"43e27e138ebf9cfc5966b082cf9a028302ed4184","hash":"92a36af9de1c5e34a1df54da70e22e2e2d7d058e"}
,"/Applications/MINE/LINE/line-test/src/components/DetailModal/index.jsx": {"path":"/Applications/MINE/LINE/line-test/src/components/DetailModal/index.jsx","statementMap":{"0":{"start":{"line":7,"column":79},"end":{"line":7,"column":84}},"1":{"start":{"line":8,"column":2},"end":{"line":45,"column":4}},"2":{"start":{"line":20,"column":33},"end":{"line":20,"column":42}},"3":{"start":{"line":35,"column":85},"end":{"line":35,"column":94}},"4":{"start":{"line":48,"column":0},"end":{"line":56,"column":2}},"5":{"start":{"line":58,"column":0},"end":{"line":60,"column":2}}},"fnMap":{"0":{"name":"DetailModal","decl":{"start":{"line":6,"column":9},"end":{"line":6,"column":20}},"loc":{"start":{"line":6,"column":28},"end":{"line":46,"column":1}},"line":6},"1":{"name":"(anonymous_1)","decl":{"start":{"line":20,"column":27},"end":{"line":20,"column":28}},"loc":{"start":{"line":20,"column":33},"end":{"line":20,"column":42}},"line":20},"2":{"name":"(anonymous_2)","decl":{"start":{"line":35,"column":79},"end":{"line":35,"column":80}},"loc":{"start":{"line":35,"column":85},"end":{"line":35,"column":94}},"line":35}},"branchMap":{"0":{"loc":{"start":{"line":10,"column":42},"end":{"line":10,"column":68}},"type":"cond-expr","locations":[{"start":{"line":10,"column":51},"end":{"line":10,"column":63}},{"start":{"line":10,"column":66},"end":{"line":10,"column":68}}],"line":10},"1":{"loc":{"start":{"line":11,"column":38},"end":{"line":11,"column":58}},"type":"cond-expr","locations":[{"start":{"line":11,"column":47},"end":{"line":11,"column":53}},{"start":{"line":11,"column":56},"end":{"line":11,"column":58}}],"line":11},"2":{"loc":{"start":{"line":27,"column":19},"end":{"line":29,"column":26}},"type":"cond-expr","locations":[{"start":{"line":28,"column":20},"end":{"line":28,"column":92}},{"start":{"line":29,"column":22},"end":{"line":29,"column":26}}],"line":27}},"s":{"0":1,"1":1,"2":0,"3":0,"4":2,"5":2},"f":{"0":1,"1":0,"2":0},"b":{"0":[0,1],"1":[0,1],"2":[0,1]},"_coverageSchema":"43e27e138ebf9cfc5966b082cf9a028302ed4184","hash":"460216bc209106ee275a3f12fcbac288c44e8953"}
,"/Applications/MINE/LINE/line-test/src/components/DetailModal/components/DetailForm/index.jsx": {"path":"/Applications/MINE/LINE/line-test/src/components/DetailModal/components/DetailForm/index.jsx","statementMap":{"0":{"start":{"line":11,"column":39},"end":{"line":11,"column":44}},"1":{"start":{"line":12,"column":2},"end":{"line":187,"column":4}},"2":{"start":{"line":23,"column":29},"end":{"line":23,"column":72}},"3":{"start":{"line":41,"column":29},"end":{"line":41,"column":80}},"4":{"start":{"line":62,"column":29},"end":{"line":62,"column":79}},"5":{"start":{"line":78,"column":29},"end":{"line":78,"column":84}},"6":{"start":{"line":90,"column":29},"end":{"line":90,"column":92}},"7":{"start":{"line":102,"column":29},"end":{"line":102,"column":83}},"8":{"start":{"line":118,"column":29},"end":{"line":118,"column":71}},"9":{"start":{"line":146,"column":29},"end":{"line":146,"column":67}},"10":{"start":{"line":169,"column":29},"end":{"line":169,"column":89}},"11":{"start":{"line":182,"column":29},"end":{"line":182,"column":85}},"12":{"start":{"line":190,"column":0},"end":{"line":194,"column":2}},"13":{"start":{"line":196,"column":0},"end":{"line":199,"column":2}}},"fnMap":{"0":{"name":"FormDetail","decl":{"start":{"line":10,"column":9},"end":{"line":10,"column":19}},"loc":{"start":{"line":10,"column":27},"end":{"line":188,"column":1}},"line":10},"1":{"name":"(anonymous_1)","decl":{"start":{"line":23,"column":20},"end":{"line":23,"column":21}},"loc":{"start":{"line":23,"column":29},"end":{"line":23,"column":72}},"line":23},"2":{"name":"(anonymous_2)","decl":{"start":{"line":41,"column":20},"end":{"line":41,"column":21}},"loc":{"start":{"line":41,"column":29},"end":{"line":41,"column":80}},"line":41},"3":{"name":"(anonymous_3)","decl":{"start":{"line":62,"column":20},"end":{"line":62,"column":21}},"loc":{"start":{"line":62,"column":29},"end":{"line":62,"column":79}},"line":62},"4":{"name":"(anonymous_4)","decl":{"start":{"line":78,"column":20},"end":{"line":78,"column":21}},"loc":{"start":{"line":78,"column":29},"end":{"line":78,"column":84}},"line":78},"5":{"name":"(anonymous_5)","decl":{"start":{"line":90,"column":20},"end":{"line":90,"column":21}},"loc":{"start":{"line":90,"column":29},"end":{"line":90,"column":92}},"line":90},"6":{"name":"(anonymous_6)","decl":{"start":{"line":102,"column":20},"end":{"line":102,"column":21}},"loc":{"start":{"line":102,"column":29},"end":{"line":102,"column":83}},"line":102},"7":{"name":"(anonymous_7)","decl":{"start":{"line":118,"column":20},"end":{"line":118,"column":21}},"loc":{"start":{"line":118,"column":29},"end":{"line":118,"column":71}},"line":118},"8":{"name":"(anonymous_8)","decl":{"start":{"line":146,"column":20},"end":{"line":146,"column":21}},"loc":{"start":{"line":146,"column":29},"end":{"line":146,"column":67}},"line":146},"9":{"name":"(anonymous_9)","decl":{"start":{"line":169,"column":20},"end":{"line":169,"column":21}},"loc":{"start":{"line":169,"column":29},"end":{"line":169,"column":89}},"line":169},"10":{"name":"(anonymous_10)","decl":{"start":{"line":182,"column":20},"end":{"line":182,"column":21}},"loc":{"start":{"line":182,"column":29},"end":{"line":182,"column":85}},"line":182}},"branchMap":{"0":{"loc":{"start":{"line":29,"column":12},"end":{"line":29,"column":80}},"type":"cond-expr","locations":[{"start":{"line":29,"column":61},"end":{"line":29,"column":70}},{"start":{"line":29,"column":73},"end":{"line":29,"column":80}}],"line":29},"1":{"loc":{"start":{"line":29,"column":12},"end":{"line":29,"column":58}},"type":"binary-expr","locations":[{"start":{"line":29,"column":12},"end":{"line":29,"column":30}},{"start":{"line":29,"column":34},"end":{"line":29,"column":58}}],"line":29},"2":{"loc":{"start":{"line":50,"column":27},"end":{"line":50,"column":85}},"type":"cond-expr","locations":[{"start":{"line":50,"column":66},"end":{"line":50,"column":75}},{"start":{"line":50,"column":78},"end":{"line":50,"column":85}}],"line":50},"3":{"loc":{"start":{"line":50,"column":27},"end":{"line":50,"column":63}},"type":"binary-expr","locations":[{"start":{"line":50,"column":27},"end":{"line":50,"column":40}},{"start":{"line":50,"column":44},"end":{"line":50,"column":63}}],"line":50},"4":{"loc":{"start":{"line":66,"column":27},"end":{"line":66,"column":83}},"type":"cond-expr","locations":[{"start":{"line":66,"column":64},"end":{"line":66,"column":73}},{"start":{"line":66,"column":76},"end":{"line":66,"column":83}}],"line":66},"5":{"loc":{"start":{"line":66,"column":27},"end":{"line":66,"column":61}},"type":"binary-expr","locations":[{"start":{"line":66,"column":27},"end":{"line":66,"column":39}},{"start":{"line":66,"column":43},"end":{"line":66,"column":61}}],"line":66},"6":{"loc":{"start":{"line":111,"column":21},"end":{"line":111,"column":65}},"type":"binary-expr","locations":[{"start":{"line":111,"column":21},"end":{"line":111,"column":38}},{"start":{"line":111,"column":42},"end":{"line":111,"column":65}}],"line":111},"7":{"loc":{"start":{"line":112,"column":19},"end":{"line":112,"column":64}},"type":"binary-expr","locations":[{"start":{"line":112,"column":19},"end":{"line":112,"column":36}},{"start":{"line":112,"column":40},"end":{"line":112,"column":64}}],"line":112},"8":{"loc":{"start":{"line":129,"column":12},"end":{"line":129,"column":78}},"type":"cond-expr","locations":[{"start":{"line":129,"column":59},"end":{"line":129,"column":68}},{"start":{"line":129,"column":71},"end":{"line":129,"column":78}}],"line":129},"9":{"loc":{"start":{"line":129,"column":12},"end":{"line":129,"column":56}},"type":"binary-expr","locations":[{"start":{"line":129,"column":12},"end":{"line":129,"column":29}},{"start":{"line":129,"column":33},"end":{"line":129,"column":56}}],"line":129},"10":{"loc":{"start":{"line":131,"column":17},"end":{"line":131,"column":89}},"type":"cond-expr","locations":[{"start":{"line":131,"column":64},"end":{"line":131,"column":84}},{"start":{"line":131,"column":87},"end":{"line":131,"column":89}}],"line":131},"11":{"loc":{"start":{"line":131,"column":17},"end":{"line":131,"column":61}},"type":"binary-expr","locations":[{"start":{"line":131,"column":17},"end":{"line":131,"column":34}},{"start":{"line":131,"column":38},"end":{"line":131,"column":61}}],"line":131},"12":{"loc":{"start":{"line":139,"column":21},"end":{"line":139,"column":57}},"type":"binary-expr","locations":[{"start":{"line":139,"column":21},"end":{"line":139,"column":34}},{"start":{"line":139,"column":38},"end":{"line":139,"column":57}}],"line":139},"13":{"loc":{"start":{"line":140,"column":19},"end":{"line":140,"column":56}},"type":"binary-expr","locations":[{"start":{"line":140,"column":19},"end":{"line":140,"column":32}},{"start":{"line":140,"column":36},"end":{"line":140,"column":56}}],"line":140},"14":{"loc":{"start":{"line":156,"column":24},"end":{"line":156,"column":82}},"type":"cond-expr","locations":[{"start":{"line":156,"column":63},"end":{"line":156,"column":72}},{"start":{"line":156,"column":75},"end":{"line":156,"column":82}}],"line":156},"15":{"loc":{"start":{"line":156,"column":24},"end":{"line":156,"column":60}},"type":"binary-expr","locations":[{"start":{"line":156,"column":24},"end":{"line":156,"column":37}},{"start":{"line":156,"column":41},"end":{"line":156,"column":60}}],"line":156},"16":{"loc":{"start":{"line":157,"column":17},"end":{"line":157,"column":81}},"type":"cond-expr","locations":[{"start":{"line":157,"column":56},"end":{"line":157,"column":76}},{"start":{"line":157,"column":79},"end":{"line":157,"column":81}}],"line":157},"17":{"loc":{"start":{"line":157,"column":17},"end":{"line":157,"column":53}},"type":"binary-expr","locations":[{"start":{"line":157,"column":17},"end":{"line":157,"column":30}},{"start":{"line":157,"column":34},"end":{"line":157,"column":53}}],"line":157}},"s":{"0":0,"1":0,"2":0,"3":0,"4":0,"5":0,"6":0,"7":0,"8":0,"9":0,"10":0,"11":0,"12":2,"13":2},"f":{"0":0,"1":0,"2":0,"3":0,"4":0,"5":0,"6":0,"7":0,"8":0,"9":0,"10":0},"b":{"0":[0,0],"1":[0,0],"2":[0,0],"3":[0,0],"4":[0,0],"5":[0,0],"6":[0,0],"7":[0,0],"8":[0,0],"9":[0,0],"10":[0,0],"11":[0,0],"12":[0,0],"13":[0,0],"14":[0,0],"15":[0,0],"16":[0,0],"17":[0,0]},"_coverageSchema":"43e27e138ebf9cfc5966b082cf9a028302ed4184","hash":"8665c96c902ba046da2d5798a2431bb19161a0f8"}
,"/Applications/MINE/LINE/line-test/src/components/FormatInput/index.jsx": {"path":"/Applications/MINE/LINE/line-test/src/components/FormatInput/index.jsx","statementMap":{"0":{"start":{"line":6,"column":51},"end":{"line":6,"column":56}},"1":{"start":{"line":7,"column":29},"end":{"line":7,"column":50}},"2":{"start":{"line":8,"column":2},"end":{"line":20,"column":4}},"3":{"start":{"line":13,"column":28},"end":{"line":13,"column":72}},"4":{"start":{"line":14,"column":10},"end":{"line":14,"column":30}},"5":{"start":{"line":15,"column":10},"end":{"line":15,"column":32}},"6":{"start":{"line":22,"column":0},"end":{"line":26,"column":2}}},"fnMap":{"0":{"name":"FormatInput","decl":{"start":{"line":5,"column":9},"end":{"line":5,"column":20}},"loc":{"start":{"line":5,"column":28},"end":{"line":21,"column":1}},"line":5},"1":{"name":"(anonymous_1)","decl":{"start":{"line":12,"column":18},"end":{"line":12,"column":19}},"loc":{"start":{"line":12,"column":27},"end":{"line":16,"column":9}},"line":12}},"branchMap":{"0":{"loc":{"start":{"line":7,"column":38},"end":{"line":7,"column":49}},"type":"binary-expr","locations":[{"start":{"line":7,"column":38},"end":{"line":7,"column":43}},{"start":{"line":7,"column":47},"end":{"line":7,"column":49}}],"line":7}},"s":{"0":0,"1":0,"2":0,"3":0,"4":0,"5":0,"6":2},"f":{"0":0,"1":0},"b":{"0":[0,0]},"_coverageSchema":"43e27e138ebf9cfc5966b082cf9a028302ed4184","hash":"d41427d828572f073a9401cad434bd7086c6d0bd"}
,"/Applications/MINE/LINE/line-test/src/components/Header/index.jsx": {"path":"/Applications/MINE/LINE/line-test/src/components/Header/index.jsx","statementMap":{"0":{"start":{"line":6,"column":4},"end":{"line":10,"column":6}}},"fnMap":{"0":{"name":"(anonymous_0)","decl":{"start":{"line":5,"column":2},"end":{"line":5,"column":3}},"loc":{"start":{"line":5,"column":11},"end":{"line":11,"column":3}},"line":5}},"branchMap":{},"s":{"0":1},"f":{"0":1},"b":{},"_coverageSchema":"43e27e138ebf9cfc5966b082cf9a028302ed4184","hash":"515c997ddfbb2d7c2fc0d64ef69a86d906f1dcec"}
,"/Applications/MINE/LINE/line-test/src/components/LTable/index.jsx": {"path":"/Applications/MINE/LINE/line-test/src/components/LTable/index.jsx","statementMap":{"0":{"start":{"line":6,"column":26},"end":{"line":6,"column":61}},"1":{"start":{"line":7,"column":22},"end":{"line":10,"column":3}},"2":{"start":{"line":11,"column":2},"end":{"line":90,"column":4}},"3":{"start":{"line":19,"column":27},"end":{"line":19,"column":76}},"4":{"start":{"line":34,"column":27},"end":{"line":34,"column":71}},"5":{"start":{"line":58,"column":12},"end":{"line":85,"column":17}},"6":{"start":{"line":60,"column":44},"end":{"line":60,"column":51}},"7":{"start":{"line":61,"column":40},"end":{"line":61,"column":47}},"8":{"start":{"line":73,"column":33},"end":{"line":73,"column":56}},"9":{"start":{"line":80,"column":33},"end":{"line":80,"column":58}},"10":{"start":{"line":93,"column":0},"end":{"line":99,"column":2}}},"fnMap":{"0":{"name":"LTable","decl":{"start":{"line":5,"column":9},"end":{"line":5,"column":15}},"loc":{"start":{"line":5,"column":74},"end":{"line":91,"column":1}},"line":5},"1":{"name":"(anonymous_1)","decl":{"start":{"line":19,"column":21},"end":{"line":19,"column":22}},"loc":{"start":{"line":19,"column":27},"end":{"line":19,"column":76}},"line":19},"2":{"name":"(anonymous_2)","decl":{"start":{"line":34,"column":21},"end":{"line":34,"column":22}},"loc":{"start":{"line":34,"column":27},"end":{"line":34,"column":71}},"line":34},"3":{"name":"(anonymous_3)","decl":{"start":{"line":57,"column":26},"end":{"line":57,"column":27}},"loc":{"start":{"line":58,"column":12},"end":{"line":85,"column":17}},"line":58},"4":{"name":"(anonymous_4)","decl":{"start":{"line":60,"column":39},"end":{"line":60,"column":40}},"loc":{"start":{"line":60,"column":44},"end":{"line":60,"column":51}},"line":60},"5":{"name":"(anonymous_5)","decl":{"start":{"line":61,"column":35},"end":{"line":61,"column":36}},"loc":{"start":{"line":61,"column":40},"end":{"line":61,"column":47}},"line":61},"6":{"name":"(anonymous_6)","decl":{"start":{"line":73,"column":27},"end":{"line":73,"column":28}},"loc":{"start":{"line":73,"column":33},"end":{"line":73,"column":56}},"line":73},"7":{"name":"(anonymous_7)","decl":{"start":{"line":80,"column":27},"end":{"line":80,"column":28}},"loc":{"start":{"line":80,"column":33},"end":{"line":80,"column":58}},"line":80}},"branchMap":{"0":{"loc":{"start":{"line":17,"column":14},"end":{"line":17,"column":71}},"type":"cond-expr","locations":[{"start":{"line":17,"column":57},"end":{"line":17,"column":62}},{"start":{"line":17,"column":65},"end":{"line":17,"column":71}}],"line":17},"1":{"loc":{"start":{"line":17,"column":14},"end":{"line":17,"column":54}},"type":"binary-expr","locations":[{"start":{"line":17,"column":14},"end":{"line":17,"column":42}},{"start":{"line":17,"column":46},"end":{"line":17,"column":54}}],"line":17},"2":{"loc":{"start":{"line":32,"column":14},"end":{"line":32,"column":66}},"type":"cond-expr","locations":[{"start":{"line":32,"column":52},"end":{"line":32,"column":57}},{"start":{"line":32,"column":60},"end":{"line":32,"column":66}}],"line":32},"3":{"loc":{"start":{"line":32,"column":14},"end":{"line":32,"column":49}},"type":"binary-expr","locations":[{"start":{"line":32,"column":14},"end":{"line":32,"column":37}},{"start":{"line":32,"column":41},"end":{"line":32,"column":49}}],"line":32},"4":{"loc":{"start":{"line":43,"column":9},"end":{"line":87,"column":9}},"type":"cond-expr","locations":[{"start":{"line":44,"column":10},"end":{"line":55,"column":15}},{"start":{"line":57,"column":10},"end":{"line":86,"column":12}}],"line":43}},"s":{"0":1,"1":1,"2":1,"3":0,"4":0,"5":0,"6":0,"7":0,"8":0,"9":0,"10":2},"f":{"0":1,"1":0,"2":0,"3":0,"4":0,"5":0,"6":0,"7":0},"b":{"0":[0,1],"1":[1,0],"2":[0,1],"3":[1,0],"4":[1,0]},"_coverageSchema":"43e27e138ebf9cfc5966b082cf9a028302ed4184","hash":"9d342ed7296a07775add68ea4aafd769b9c78237"}
,"/Applications/MINE/LINE/line-test/src/components/Main/index.jsx": {"path":"/Applications/MINE/LINE/line-test/src/components/Main/index.jsx","statementMap":{"0":{"start":{"line":11,"column":25},"end":{"line":11,"column":35}},"1":{"start":{"line":12,"column":4},"end":{"line":16,"column":6}}},"fnMap":{"0":{"name":"(anonymous_0)","decl":{"start":{"line":10,"column":2},"end":{"line":10,"column":3}},"loc":{"start":{"line":10,"column":11},"end":{"line":17,"column":3}},"line":10}},"branchMap":{},"s":{"0":1,"1":1},"f":{"0":1},"b":{},"_coverageSchema":"43e27e138ebf9cfc5966b082cf9a028302ed4184","hash":"aff9e7b9c4e6e46738ed5a29ed76dc16bf708026"}
,"/Applications/MINE/LINE/line-test/src/components/NavBar/index.jsx": {"path":"/Applications/MINE/LINE/line-test/src/components/NavBar/index.jsx","statementMap":{"0":{"start":{"line":6,"column":4},"end":{"line":12,"column":6}}},"fnMap":{"0":{"name":"(anonymous_0)","decl":{"start":{"line":5,"column":2},"end":{"line":5,"column":3}},"loc":{"start":{"line":5,"column":11},"end":{"line":13,"column":3}},"line":5}},"branchMap":{},"s":{"0":1},"f":{"0":1},"b":{},"_coverageSchema":"43e27e138ebf9cfc5966b082cf9a028302ed4184","hash":"08c20810eeeca85e3b02f8a305e28f98b819efd5"}
,"/Applications/MINE/LINE/line-test/src/components/Pagination/index.jsx": {"path":"/Applications/MINE/LINE/line-test/src/components/Pagination/index.jsx","statementMap":{"0":{"start":{"line":5,"column":44},"end":{"line":5,"column":49}},"1":{"start":{"line":6,"column":2},"end":{"line":44,"column":4}},"2":{"start":{"line":14,"column":14},"end":{"line":14,"column":69}},"3":{"start":{"line":21,"column":10},"end":{"line":30,"column":15}},"4":{"start":{"line":25,"column":16},"end":{"line":25,"column":38}},"5":{"start":{"line":36,"column":14},"end":{"line":36,"column":84}},"6":{"start":{"line":47,"column":0},"end":{"line":51,"column":2}},"7":{"start":{"line":53,"column":0},"end":{"line":55,"column":2}}},"fnMap":{"0":{"name":"Pagination","decl":{"start":{"line":4,"column":9},"end":{"line":4,"column":19}},"loc":{"start":{"line":4,"column":27},"end":{"line":45,"column":1}},"line":4},"1":{"name":"(anonymous_1)","decl":{"start":{"line":13,"column":21},"end":{"line":13,"column":22}},"loc":{"start":{"line":13,"column":27},"end":{"line":15,"column":13}},"line":13},"2":{"name":"(anonymous_2)","decl":{"start":{"line":20,"column":19},"end":{"line":20,"column":20}},"loc":{"start":{"line":21,"column":10},"end":{"line":30,"column":15}},"line":21},"3":{"name":"(anonymous_3)","decl":{"start":{"line":24,"column":23},"end":{"line":24,"column":24}},"loc":{"start":{"line":24,"column":29},"end":{"line":26,"column":15}},"line":24},"4":{"name":"(anonymous_4)","decl":{"start":{"line":35,"column":21},"end":{"line":35,"column":22}},"loc":{"start":{"line":35,"column":27},"end":{"line":37,"column":13}},"line":35}},"branchMap":{"0":{"loc":{"start":{"line":9,"column":36},"end":{"line":9,"column":69}},"type":"cond-expr","locations":[{"start":{"line":9,"column":54},"end":{"line":9,"column":64}},{"start":{"line":9,"column":67},"end":{"line":9,"column":69}}],"line":9},"1":{"loc":{"start":{"line":14,"column":26},"end":{"line":14,"column":67}},"type":"cond-expr","locations":[{"start":{"line":14,"column":42},"end":{"line":14,"column":55}},{"start":{"line":14,"column":58},"end":{"line":14,"column":67}}],"line":14},"2":{"loc":{"start":{"line":21,"column":49},"end":{"line":21,"column":87}},"type":"cond-expr","locations":[{"start":{"line":21,"column":74},"end":{"line":21,"column":82}},{"start":{"line":21,"column":85},"end":{"line":21,"column":87}}],"line":21},"3":{"loc":{"start":{"line":32,"column":36},"end":{"line":32,"column":83}},"type":"cond-expr","locations":[{"start":{"line":32,"column":68},"end":{"line":32,"column":78}},{"start":{"line":32,"column":81},"end":{"line":32,"column":83}}],"line":32},"4":{"loc":{"start":{"line":36,"column":26},"end":{"line":36,"column":82}},"type":"cond-expr","locations":[{"start":{"line":36,"column":57},"end":{"line":36,"column":70}},{"start":{"line":36,"column":73},"end":{"line":36,"column":82}}],"line":36}},"s":{"0":1,"1":1,"2":0,"3":0,"4":0,"5":0,"6":2,"7":2},"f":{"0":1,"1":0,"2":0,"3":0,"4":0},"b":{"0":[1,0],"1":[0,0],"2":[0,0],"3":[1,0],"4":[0,0]},"_coverageSchema":"43e27e138ebf9cfc5966b082cf9a028302ed4184","hash":"c13ec8259a69948e4d67a1eae68fb7ff4d5eeae9"}
,"/Applications/MINE/LINE/line-test/src/components/ToolBar/index.jsx": {"path":"/Applications/MINE/LINE/line-test/src/components/ToolBar/index.jsx","statementMap":{"0":{"start":{"line":5,"column":36},"end":{"line":5,"column":41}},"1":{"start":{"line":6,"column":2},"end":{"line":14,"column":4}},"2":{"start":{"line":9,"column":73},"end":{"line":9,"column":83}},"3":{"start":{"line":17,"column":0},"end":{"line":20,"column":2}}},"fnMap":{"0":{"name":"ToolBar","decl":{"start":{"line":4,"column":9},"end":{"line":4,"column":16}},"loc":{"start":{"line":4,"column":24},"end":{"line":15,"column":1}},"line":4},"1":{"name":"(anonymous_1)","decl":{"start":{"line":9,"column":67},"end":{"line":9,"column":68}},"loc":{"start":{"line":9,"column":73},"end":{"line":9,"column":83}},"line":9}},"branchMap":{},"s":{"0":1,"1":1,"2":0,"3":2},"f":{"0":1,"1":0},"b":{},"_coverageSchema":"43e27e138ebf9cfc5966b082cf9a028302ed4184","hash":"d7fc48153e3a3f814cd76e86d80a785cef1b9ab9"}
,"/Applications/MINE/LINE/line-test/src/containers/App/index.jsx": {"path":"/Applications/MINE/LINE/line-test/src/containers/App/index.jsx","statementMap":{"0":{"start":{"line":8,"column":4},"end":{"line":13,"column":6}}},"fnMap":{"0":{"name":"(anonymous_0)","decl":{"start":{"line":7,"column":2},"end":{"line":7,"column":3}},"loc":{"start":{"line":7,"column":11},"end":{"line":14,"column":3}},"line":7}},"branchMap":{},"s":{"0":1},"f":{"0":1},"b":{},"_coverageSchema":"43e27e138ebf9cfc5966b082cf9a028302ed4184","hash":"c1011932abc72da8cb4512fd579466f838acd0b0"}
,"/Applications/MINE/LINE/line-test/src/containers/Main/index.jsx": {"path":"/Applications/MINE/LINE/line-test/src/containers/Main/index.jsx","statementMap":{"0":{"start":{"line":12,"column":13},"end":{"line":12,"column":35}},"1":{"start":{"line":13,"column":18},"end":{"line":13,"column":20}},"2":{"start":{"line":14,"column":22},"end":{"line":19,"column":1}},"3":{"start":{"line":21,"column":26},"end":{"line":32,"column":1}},"4":{"start":{"line":34,"column":27},"end":{"line":34,"column":61}},"5":{"start":{"line":35,"column":23},"end":{"line":35,"column":41}},"6":{"start":{"line":36,"column":25},"end":{"line":36,"column":43}},"7":{"start":{"line":40,"column":4},"end":{"line":40,"column":17}},"8":{"start":{"line":41,"column":4},"end":{"line":53,"column":6}},"9":{"start":{"line":54,"column":4},"end":{"line":54,"column":51}},"10":{"start":{"line":55,"column":4},"end":{"line":55,"column":47}},"11":{"start":{"line":56,"column":4},"end":{"line":56,"column":49}},"12":{"start":{"line":57,"column":4},"end":{"line":57,"column":37}},"13":{"start":{"line":58,"column":4},"end":{"line":58,"column":57}},"14":{"start":{"line":59,"column":4},"end":{"line":59,"column":49}},"15":{"start":{"line":60,"column":4},"end":{"line":60,"column":49}},"16":{"start":{"line":61,"column":4},"end":{"line":61,"column":53}},"17":{"start":{"line":65,"column":4},"end":{"line":65,"column":33}},"18":{"start":{"line":69,"column":19},"end":{"line":69,"column":41}},"19":{"start":{"line":70,"column":4},"end":{"line":70,"column":46}},"20":{"start":{"line":74,"column":4},"end":{"line":89,"column":5}},"21":{"start":{"line":75,"column":6},"end":{"line":81,"column":9}},"22":{"start":{"line":83,"column":6},"end":{"line":88,"column":9}},"23":{"start":{"line":93,"column":30},"end":{"line":93,"column":40}},"24":{"start":{"line":94,"column":4},"end":{"line":94,"column":32}},"25":{"start":{"line":95,"column":4},"end":{"line":95,"column":23}},"26":{"start":{"line":96,"column":18},"end":{"line":100,"column":5}},"27":{"start":{"line":101,"column":4},"end":{"line":101,"column":52}},"28":{"start":{"line":105,"column":40},"end":{"line":105,"column":50}},"29":{"start":{"line":106,"column":4},"end":{"line":106,"column":42}},"30":{"start":{"line":107,"column":4},"end":{"line":107,"column":29}},"31":{"start":{"line":108,"column":18},"end":{"line":112,"column":5}},"32":{"start":{"line":113,"column":4},"end":{"line":113,"column":52}},"33":{"start":{"line":117,"column":22},"end":{"line":117,"column":32}},"34":{"start":{"line":118,"column":4},"end":{"line":118,"column":31}},"35":{"start":{"line":119,"column":18},"end":{"line":123,"column":5}},"36":{"start":{"line":124,"column":4},"end":{"line":124,"column":27}},"37":{"start":{"line":125,"column":4},"end":{"line":125,"column":51}},"38":{"start":{"line":129,"column":4},"end":{"line":129,"column":27}},"39":{"start":{"line":130,"column":35},"end":{"line":130,"column":45}},"40":{"start":{"line":131,"column":19},"end":{"line":131,"column":41}},"41":{"start":{"line":132,"column":4},"end":{"line":135,"column":5}},"42":{"start":{"line":133,"column":6},"end":{"line":133,"column":32}},"43":{"start":{"line":134,"column":6},"end":{"line":134,"column":13}},"44":{"start":{"line":136,"column":4},"end":{"line":140,"column":5}},"45":{"start":{"line":137,"column":6},"end":{"line":137,"column":24}},"46":{"start":{"line":139,"column":6},"end":{"line":139,"column":24}},"47":{"start":{"line":144,"column":4},"end":{"line":144,"column":37}},"48":{"start":{"line":148,"column":69},"end":{"line":148,"column":79}},"49":{"start":{"line":149,"column":43},"end":{"line":149,"column":48}},"50":{"start":{"line":150,"column":4},"end":{"line":191,"column":6}},"51":{"start":{"line":159,"column":14},"end":{"line":186,"column":31}}},"fnMap":{"0":{"name":"(anonymous_0)","decl":{"start":{"line":39,"column":2},"end":{"line":39,"column":3}},"loc":{"start":{"line":39,"column":21},"end":{"line":62,"column":3}},"line":39},"1":{"name":"(anonymous_1)","decl":{"start":{"line":64,"column":2},"end":{"line":64,"column":3}},"loc":{"start":{"line":64,"column":25},"end":{"line":66,"column":3}},"line":64},"2":{"name":"(anonymous_2)","decl":{"start":{"line":68,"column":2},"end":{"line":68,"column":3}},"loc":{"start":{"line":68,"column":25},"end":{"line":71,"column":3}},"line":68},"3":{"name":"(anonymous_3)","decl":{"start":{"line":73,"column":2},"end":{"line":73,"column":3}},"loc":{"start":{"line":73,"column":31},"end":{"line":90,"column":3}},"line":73},"4":{"name":"(anonymous_4)","decl":{"start":{"line":92,"column":2},"end":{"line":92,"column":3}},"loc":{"start":{"line":92,"column":15},"end":{"line":102,"column":3}},"line":92},"5":{"name":"(anonymous_5)","decl":{"start":{"line":104,"column":2},"end":{"line":104,"column":3}},"loc":{"start":{"line":104,"column":15},"end":{"line":114,"column":3}},"line":104},"6":{"name":"(anonymous_6)","decl":{"start":{"line":116,"column":2},"end":{"line":116,"column":3}},"loc":{"start":{"line":116,"column":28},"end":{"line":126,"column":3}},"line":116},"7":{"name":"(anonymous_7)","decl":{"start":{"line":128,"column":2},"end":{"line":128,"column":3}},"loc":{"start":{"line":128,"column":14},"end":{"line":141,"column":3}},"line":128},"8":{"name":"(anonymous_8)","decl":{"start":{"line":143,"column":2},"end":{"line":143,"column":3}},"loc":{"start":{"line":143,"column":15},"end":{"line":145,"column":3}},"line":143},"9":{"name":"(anonymous_9)","decl":{"start":{"line":147,"column":2},"end":{"line":147,"column":3}},"loc":{"start":{"line":147,"column":11},"end":{"line":192,"column":3}},"line":147},"10":{"name":"(anonymous_10)","decl":{"start":{"line":158,"column":13},"end":{"line":158,"column":14}},"loc":{"start":{"line":159,"column":14},"end":{"line":186,"column":31}},"line":159}},"branchMap":{"0":{"loc":{"start":{"line":12,"column":13},"end":{"line":12,"column":35}},"type":"binary-expr","locations":[{"start":{"line":12,"column":13},"end":{"line":12,"column":29}},{"start":{"line":12,"column":33},"end":{"line":12,"column":35}}],"line":12},"1":{"loc":{"start":{"line":74,"column":4},"end":{"line":89,"column":5}},"type":"if","locations":[{"start":{"line":74,"column":4},"end":{"line":89,"column":5}},{"start":{"line":74,"column":4},"end":{"line":89,"column":5}}],"line":74},"2":{"loc":{"start":{"line":132,"column":4},"end":{"line":135,"column":5}},"type":"if","locations":[{"start":{"line":132,"column":4},"end":{"line":135,"column":5}},{"start":{"line":132,"column":4},"end":{"line":135,"column":5}}],"line":132},"3":{"loc":{"start":{"line":136,"column":4},"end":{"line":140,"column":5}},"type":"if","locations":[{"start":{"line":136,"column":4},"end":{"line":140,"column":5}},{"start":{"line":136,"column":4},"end":{"line":140,"column":5}}],"line":136}},"s":{"0":2,"1":2,"2":2,"3":2,"4":2,"5":2,"6":2,"7":2,"8":2,"9":2,"10":2,"11":2,"12":2,"13":2,"14":2,"15":2,"16":2,"17":0,"18":0,"19":0,"20":0,"21":0,"22":0,"23":0,"24":0,"25":0,"26":0,"27":0,"28":0,"29":0,"30":0,"31":0,"32":0,"33":0,"34":0,"35":0,"36":0,"37":0,"38":0,"39":0,"40":0,"41":0,"42":0,"43":0,"44":0,"45":0,"46":0,"47":0,"48":2,"49":2,"50":2,"51":1},"f":{"0":2,"1":0,"2":0,"3":0,"4":0,"5":0,"6":0,"7":0,"8":0,"9":2,"10":1},"b":{"0":[2,2],"1":[0,0],"2":[0,0],"3":[0,0]},"_coverageSchema":"43e27e138ebf9cfc5966b082cf9a028302ed4184","hash":"b56b5b99d306d0dee475be9b551e437f6b87b973"}
,"/Applications/MINE/LINE/line-test/src/utils/helpers.js": {"path":"/Applications/MINE/LINE/line-test/src/utils/helpers.js","statementMap":{"0":{"start":{"line":7,"column":19},"end":{"line":7,"column":33}},"1":{"start":{"line":8,"column":2},"end":{"line":8,"column":56}},"2":{"start":{"line":8,"column":49},"end":{"line":8,"column":54}},"3":{"start":{"line":12,"column":2},"end":{"line":12,"column":32}},"4":{"start":{"line":12,"column":19},"end":{"line":12,"column":32}},"5":{"start":{"line":13,"column":2},"end":{"line":13,"column":35}},"6":{"start":{"line":13,"column":19},"end":{"line":13,"column":35}},"7":{"start":{"line":14,"column":2},"end":{"line":14,"column":36}},"8":{"start":{"line":14,"column":19},"end":{"line":14,"column":36}},"9":{"start":{"line":15,"column":2},"end":{"line":15,"column":19}},"10":{"start":{"line":19,"column":2},"end":{"line":20,"column":100}},"11":{"start":{"line":20,"column":4},"end":{"line":20,"column":100}},"12":{"start":{"line":21,"column":2},"end":{"line":21,"column":77}},"13":{"start":{"line":21,"column":24},"end":{"line":21,"column":77}},"14":{"start":{"line":22,"column":2},"end":{"line":22,"column":13}},"15":{"start":{"line":26,"column":2},"end":{"line":26,"column":100}},"16":{"start":{"line":26,"column":30},"end":{"line":26,"column":100}},"17":{"start":{"line":27,"column":2},"end":{"line":27,"column":14}},"18":{"start":{"line":31,"column":2},"end":{"line":37,"column":3}},"19":{"start":{"line":32,"column":4},"end":{"line":36,"column":7}},"20":{"start":{"line":33,"column":6},"end":{"line":33,"column":41}},"21":{"start":{"line":33,"column":31},"end":{"line":33,"column":41}},"22":{"start":{"line":34,"column":6},"end":{"line":34,"column":40}},"23":{"start":{"line":34,"column":31},"end":{"line":34,"column":40}},"24":{"start":{"line":35,"column":6},"end":{"line":35,"column":15}},"25":{"start":{"line":38,"column":2},"end":{"line":42,"column":5}},"26":{"start":{"line":39,"column":4},"end":{"line":39,"column":39}},"27":{"start":{"line":39,"column":29},"end":{"line":39,"column":39}},"28":{"start":{"line":40,"column":4},"end":{"line":40,"column":38}},"29":{"start":{"line":40,"column":29},"end":{"line":40,"column":38}},"30":{"start":{"line":41,"column":4},"end":{"line":41,"column":13}},"31":{"start":{"line":46,"column":2},"end":{"line":46,"column":52}},"32":{"start":{"line":51,"column":16},"end":{"line":51,"column":41}},"33":{"start":{"line":52,"column":2},"end":{"line":52,"column":27}},"34":{"start":{"line":56,"column":16},"end":{"line":56,"column":34}},"35":{"start":{"line":57,"column":2},"end":{"line":57,"column":21}},"36":{"start":{"line":58,"column":2},"end":{"line":58,"column":51}},"37":{"start":{"line":62,"column":16},"end":{"line":62,"column":34}},"38":{"start":{"line":63,"column":2},"end":{"line":63,"column":39}},"39":{"start":{"line":63,"column":32},"end":{"line":63,"column":39}},"40":{"start":{"line":64,"column":2},"end":{"line":64,"column":25}},"41":{"start":{"line":65,"column":2},"end":{"line":65,"column":51}},"42":{"start":{"line":69,"column":16},"end":{"line":69,"column":34}},"43":{"start":{"line":70,"column":2},"end":{"line":70,"column":39}},"44":{"start":{"line":70,"column":32},"end":{"line":70,"column":39}},"45":{"start":{"line":71,"column":2},"end":{"line":71,"column":24}},"46":{"start":{"line":72,"column":2},"end":{"line":72,"column":51}},"47":{"start":{"line":76,"column":28},"end":{"line":76,"column":93}},"48":{"start":{"line":77,"column":24},"end":{"line":77,"column":34}},"49":{"start":{"line":78,"column":23},"end":{"line":78,"column":32}},"50":{"start":{"line":79,"column":27},"end":{"line":79,"column":70}},"51":{"start":{"line":80,"column":24},"end":{"line":80,"column":59}},"52":{"start":{"line":82,"column":2},"end":{"line":105,"column":4}},"53":{"start":{"line":109,"column":2},"end":{"line":114,"column":3}},"54":{"start":{"line":110,"column":4},"end":{"line":113,"column":6}},"55":{"start":{"line":115,"column":2},"end":{"line":118,"column":4}}},"fnMap":{"0":{"name":"generatePages","decl":{"start":{"line":6,"column":16},"end":{"line":6,"column":29}},"loc":{"start":{"line":6,"column":58},"end":{"line":9,"column":1}},"line":6},"1":{"name":"(anonymous_1)","decl":{"start":{"line":8,"column":44},"end":{"line":8,"column":45}},"loc":{"start":{"line":8,"column":49},"end":{"line":8,"column":54}},"line":8},"2":{"name":"convertStatus","decl":{"start":{"line":11,"column":16},"end":{"line":11,"column":29}},"loc":{"start":{"line":11,"column":51},"end":{"line":16,"column":1}},"line":11},"3":{"name":"formatString","decl":{"start":{"line":18,"column":16},"end":{"line":18,"column":28}},"loc":{"start":{"line":18,"column":64},"end":{"line":23,"column":1}},"line":18},"4":{"name":"validateFormat","decl":{"start":{"line":25,"column":16},"end":{"line":25,"column":30}},"loc":{"start":{"line":25,"column":67},"end":{"line":28,"column":1}},"line":25},"5":{"name":"sortArray","decl":{"start":{"line":30,"column":16},"end":{"line":30,"column":25}},"loc":{"start":{"line":30,"column":86},"end":{"line":43,"column":1}},"line":30},"6":{"name":"(anonymous_6)","decl":{"start":{"line":32,"column":22},"end":{"line":32,"column":23}},"loc":{"start":{"line":32,"column":32},"end":{"line":36,"column":5}},"line":32},"7":{"name":"(anonymous_7)","decl":{"start":{"line":38,"column":20},"end":{"line":38,"column":21}},"loc":{"start":{"line":38,"column":30},"end":{"line":42,"column":3}},"line":38},"8":{"name":"saveData","decl":{"start":{"line":45,"column":16},"end":{"line":45,"column":24}},"loc":{"start":{"line":45,"column":54},"end":{"line":47,"column":1}},"line":45},"9":{"name":"getData","decl":{"start":{"line":50,"column":16},"end":{"line":50,"column":23}},"loc":{"start":{"line":50,"column":42},"end":{"line":53,"column":1}},"line":50},"10":{"name":"appendData","decl":{"start":{"line":55,"column":16},"end":{"line":55,"column":26}},"loc":{"start":{"line":55,"column":56},"end":{"line":59,"column":1}},"line":55},"11":{"name":"deleteData","decl":{"start":{"line":61,"column":16},"end":{"line":61,"column":26}},"loc":{"start":{"line":61,"column":55},"end":{"line":66,"column":1}},"line":61},"12":{"name":"updateData","decl":{"start":{"line":68,"column":16},"end":{"line":68,"column":26}},"loc":{"start":{"line":68,"column":71},"end":{"line":73,"column":1}},"line":68},"13":{"name":"validateFields","decl":{"start":{"line":75,"column":16},"end":{"line":75,"column":30}},"loc":{"start":{"line":75,"column":52},"end":{"line":106,"column":1}},"line":75},"14":{"name":"validateResults","decl":{"start":{"line":108,"column":16},"end":{"line":108,"column":31}},"loc":{"start":{"line":108,"column":71},"end":{"line":119,"column":1}},"line":108}},"branchMap":{"0":{"loc":{"start":{"line":12,"column":2},"end":{"line":12,"column":32}},"type":"if","locations":[{"start":{"line":12,"column":2},"end":{"line":12,"column":32}},{"start":{"line":12,"column":2},"end":{"line":12,"column":32}}],"line":12},"1":{"loc":{"start":{"line":13,"column":2},"end":{"line":13,"column":35}},"type":"if","locations":[{"start":{"line":13,"column":2},"end":{"line":13,"column":35}},{"start":{"line":13,"column":2},"end":{"line":13,"column":35}}],"line":13},"2":{"loc":{"start":{"line":14,"column":2},"end":{"line":14,"column":36}},"type":"if","locations":[{"start":{"line":14,"column":2},"end":{"line":14,"column":36}},{"start":{"line":14,"column":2},"end":{"line":14,"column":36}}],"line":14},"3":{"loc":{"start":{"line":19,"column":2},"end":{"line":20,"column":100}},"type":"if","locations":[{"start":{"line":19,"column":2},"end":{"line":20,"column":100}},{"start":{"line":19,"column":2},"end":{"line":20,"column":100}}],"line":19},"4":{"loc":{"start":{"line":21,"column":2},"end":{"line":21,"column":77}},"type":"if","locations":[{"start":{"line":21,"column":2},"end":{"line":21,"column":77}},{"start":{"line":21,"column":2},"end":{"line":21,"column":77}}],"line":21},"5":{"loc":{"start":{"line":26,"column":2},"end":{"line":26,"column":100}},"type":"if","locations":[{"start":{"line":26,"column":2},"end":{"line":26,"column":100}},{"start":{"line":26,"column":2},"end":{"line":26,"column":100}}],"line":26},"6":{"loc":{"start":{"line":31,"column":2},"end":{"line":37,"column":3}},"type":"if","locations":[{"start":{"line":31,"column":2},"end":{"line":37,"column":3}},{"start":{"line":31,"column":2},"end":{"line":37,"column":3}}],"line":31},"7":{"loc":{"start":{"line":33,"column":6},"end":{"line":33,"column":41}},"type":"if","locations":[{"start":{"line":33,"column":6},"end":{"line":33,"column":41}},{"start":{"line":33,"column":6},"end":{"line":33,"column":41}}],"line":33},"8":{"loc":{"start":{"line":34,"column":6},"end":{"line":34,"column":40}},"type":"if","locations":[{"start":{"line":34,"column":6},"end":{"line":34,"column":40}},{"start":{"line":34,"column":6},"end":{"line":34,"column":40}}],"line":34},"9":{"loc":{"start":{"line":39,"column":4},"end":{"line":39,"column":39}},"type":"if","locations":[{"start":{"line":39,"column":4},"end":{"line":39,"column":39}},{"start":{"line":39,"column":4},"end":{"line":39,"column":39}}],"line":39},"10":{"loc":{"start":{"line":40,"column":4},"end":{"line":40,"column":38}},"type":"if","locations":[{"start":{"line":40,"column":4},"end":{"line":40,"column":38}},{"start":{"line":40,"column":4},"end":{"line":40,"column":38}}],"line":40},"11":{"loc":{"start":{"line":56,"column":16},"end":{"line":56,"column":34}},"type":"binary-expr","locations":[{"start":{"line":56,"column":16},"end":{"line":56,"column":28}},{"start":{"line":56,"column":32},"end":{"line":56,"column":34}}],"line":56},"12":{"loc":{"start":{"line":62,"column":16},"end":{"line":62,"column":34}},"type":"binary-expr","locations":[{"start":{"line":62,"column":16},"end":{"line":62,"column":28}},{"start":{"line":62,"column":32},"end":{"line":62,"column":34}}],"line":62},"13":{"loc":{"start":{"line":63,"column":2},"end":{"line":63,"column":39}},"type":"if","locations":[{"start":{"line":63,"column":2},"end":{"line":63,"column":39}},{"start":{"line":63,"column":2},"end":{"line":63,"column":39}}],"line":63},"14":{"loc":{"start":{"line":69,"column":16},"end":{"line":69,"column":34}},"type":"binary-expr","locations":[{"start":{"line":69,"column":16},"end":{"line":69,"column":28}},{"start":{"line":69,"column":32},"end":{"line":69,"column":34}}],"line":69},"15":{"loc":{"start":{"line":70,"column":2},"end":{"line":70,"column":39}},"type":"if","locations":[{"start":{"line":70,"column":2},"end":{"line":70,"column":39}},{"start":{"line":70,"column":2},"end":{"line":70,"column":39}}],"line":70},"16":{"loc":{"start":{"line":76,"column":28},"end":{"line":76,"column":93}},"type":"binary-expr","locations":[{"start":{"line":76,"column":28},"end":{"line":76,"column":43}},{"start":{"line":76,"column":47},"end":{"line":76,"column":93}}],"line":76},"17":{"loc":{"start":{"line":79,"column":27},"end":{"line":79,"column":70}},"type":"binary-expr","locations":[{"start":{"line":79,"column":27},"end":{"line":79,"column":41}},{"start":{"line":79,"column":45},"end":{"line":79,"column":70}}],"line":79},"18":{"loc":{"start":{"line":80,"column":24},"end":{"line":80,"column":59}},"type":"binary-expr","locations":[{"start":{"line":80,"column":24},"end":{"line":80,"column":34}},{"start":{"line":80,"column":38},"end":{"line":80,"column":59}}],"line":80},"19":{"loc":{"start":{"line":85,"column":15},"end":{"line":85,"column":62}},"type":"cond-expr","locations":[{"start":{"line":85,"column":36},"end":{"line":85,"column":57}},{"start":{"line":85,"column":60},"end":{"line":85,"column":62}}],"line":85},"20":{"loc":{"start":{"line":89,"column":15},"end":{"line":89,"column":53}},"type":"cond-expr","locations":[{"start":{"line":89,"column":32},"end":{"line":89,"column":48}},{"start":{"line":89,"column":51},"end":{"line":89,"column":53}}],"line":89},"21":{"loc":{"start":{"line":93,"column":15},"end":{"line":93,"column":51}},"type":"cond-expr","locations":[{"start":{"line":93,"column":31},"end":{"line":93,"column":46}},{"start":{"line":93,"column":49},"end":{"line":93,"column":51}}],"line":93},"22":{"loc":{"start":{"line":97,"column":15},"end":{"line":97,"column":60}},"type":"cond-expr","locations":[{"start":{"line":97,"column":35},"end":{"line":97,"column":55}},{"start":{"line":97,"column":58},"end":{"line":97,"column":60}}],"line":97},"23":{"loc":{"start":{"line":101,"column":15},"end":{"line":101,"column":53}},"type":"cond-expr","locations":[{"start":{"line":101,"column":32},"end":{"line":101,"column":48}},{"start":{"line":101,"column":51},"end":{"line":101,"column":53}}],"line":101},"24":{"loc":{"start":{"line":104,"column":6},"end":{"line":104,"column":98}},"type":"binary-expr","locations":[{"start":{"line":104,"column":6},"end":{"line":104,"column":24}},{"start":{"line":104,"column":28},"end":{"line":104,"column":42}},{"start":{"line":104,"column":46},"end":{"line":104,"column":59}},{"start":{"line":104,"column":63},"end":{"line":104,"column":80}},{"start":{"line":104,"column":84},"end":{"line":104,"column":98}}],"line":104},"25":{"loc":{"start":{"line":109,"column":2},"end":{"line":114,"column":3}},"type":"if","locations":[{"start":{"line":109,"column":2},"end":{"line":114,"column":3}},{"start":{"line":109,"column":2},"end":{"line":114,"column":3}}],"line":109},"26":{"loc":{"start":{"line":111,"column":17},"end":{"line":111,"column":64}},"type":"cond-expr","locations":[{"start":{"line":111,"column":39},"end":{"line":111,"column":51}},{"start":{"line":111,"column":54},"end":{"line":111,"column":64}}],"line":111}},"s":{"0":3,"1":3,"2":2,"3":4,"4":1,"5":3,"6":1,"7":2,"8":1,"9":1,"10":3,"11":1,"12":2,"13":1,"14":1,"15":8,"16":7,"17":1,"18":3,"19":1,"20":7,"21":2,"22":5,"23":4,"24":1,"25":2,"26":7,"27":1,"28":6,"29":5,"30":1,"31":1,"32":12,"33":12,"34":5,"35":5,"36":5,"37":2,"38":2,"39":1,"40":1,"41":1,"42":2,"43":2,"44":1,"45":1,"46":1,"47":6,"48":6,"49":6,"50":6,"51":6,"52":6,"53":3,"54":2,"55":1},"f":{"0":3,"1":2,"2":4,"3":3,"4":8,"5":3,"6":7,"7":7,"8":1,"9":12,"10":5,"11":2,"12":2,"13":6,"14":3},"b":{"0":[1,3],"1":[1,2],"2":[1,1],"3":[1,2],"4":[1,1],"5":[7,1],"6":[1,2],"7":[2,5],"8":[4,1],"9":[1,6],"10":[5,1],"11":[5,4],"12":[2,1],"13":[1,1],"14":[2,1],"15":[1,1],"16":[6,5],"17":[6,6],"18":[6,6],"19":[2,4],"20":[3,3],"21":[3,3],"22":[3,3],"23":[3,3],"24":[6,4,3,2,1],"25":[2,1],"26":[1,1]},"_coverageSchema":"43e27e138ebf9cfc5966b082cf9a028302ed4184","hash":"6a5ea5e349f393da43e6fd0a4c90f19e1f856c51"}
}
