{"/Applications/MINE/LINE/line-test/src/index.jsx": {"path":"/Applications/MINE/LINE/line-test/src/index.jsx","statementMap":{"0":{"start":{"line":10,"column":19},"end":{"line":31,"column":1}},"1":{"start":{"line":15,"column":4},"end":{"line":15,"column":21}},"2":{"start":{"line":19,"column":17},"end":{"line":19,"column":49}},"3":{"start":{"line":33,"column":0},"end":{"line":33,"column":10}}},"fnMap":{"0":{"name":"(anonymous_0)","decl":{"start":{"line":14,"column":2},"end":{"line":14,"column":3}},"loc":{"start":{"line":14,"column":8},"end":{"line":16,"column":3}},"line":14},"1":{"name":"(anonymous_1)","decl":{"start":{"line":18,"column":2},"end":{"line":18,"column":3}},"loc":{"start":{"line":18,"column":20},"end":{"line":30,"column":3}},"line":18}},"branchMap":{},"s":{"0":1,"1":1,"2":1,"3":1},"f":{"0":1,"1":1},"b":{},"_coverageSchema":"43e27e138ebf9cfc5966b082cf9a028302ed4184","hash":"e9d7e4984c2b525898c633899f3adb3cb2630d61"}
,"/Applications/MINE/LINE/line-test/src/components/index.js": {"path":"/Applications/MINE/LINE/line-test/src/components/index.js","statementMap":{},"fnMap":{},"branchMap":{},"s":{},"f":{},"b":{},"_coverageSchema":"43e27e138ebf9cfc5966b082cf9a028302ed4184","hash":"5576c61d915e9487e9e307b479f456df4602bd90"}
,"/Applications/MINE/LINE/line-test/src/components/DataProvider/index.jsx": {"path":"/Applications/MINE/LINE/line-test/src/components/DataProvider/index.jsx","statementMap":{"0":{"start":{"line":6,"column":22},"end":{"line":11,"column":1}},"1":{"start":{"line":13,"column":27},"end":{"line":13,"column":61}},"2":{"start":{"line":17,"column":4},"end":{"line":17,"column":17}},"3":{"start":{"line":18,"column":4},"end":{"line":18,"column":31}},"4":{"start":{"line":19,"column":4},"end":{"line":19,"column":51}},"5":{"start":{"line":27,"column":4},"end":{"line":27,"column":33}},"6":{"start":{"line":31,"column":25},"end":{"line":31,"column":35}},"7":{"start":{"line":32,"column":4},"end":{"line":41,"column":6}}},"fnMap":{"0":{"name":"(anonymous_0)","decl":{"start":{"line":16,"column":2},"end":{"line":16,"column":3}},"loc":{"start":{"line":16,"column":21},"end":{"line":20,"column":3}},"line":16},"1":{"name":"(anonymous_1)","decl":{"start":{"line":26,"column":2},"end":{"line":26,"column":3}},"loc":{"start":{"line":26,"column":25},"end":{"line":28,"column":3}},"line":26},"2":{"name":"(anonymous_2)","decl":{"start":{"line":30,"column":2},"end":{"line":30,"column":3}},"loc":{"start":{"line":30,"column":11},"end":{"line":42,"column":3}},"line":30}},"branchMap":{},"s":{"0":1,"1":1,"2":0,"3":0,"4":0,"5":0,"6":0,"7":0},"f":{"0":0,"1":0,"2":0},"b":{},"_coverageSchema":"43e27e138ebf9cfc5966b082cf9a028302ed4184","hash":"a25df6da2dda3d7f98ed325f4c23e38f4f677fee"}
,"/Applications/MINE/LINE/line-test/src/components/Header/index.jsx": {"path":"/Applications/MINE/LINE/line-test/src/components/Header/index.jsx","statementMap":{"0":{"start":{"line":6,"column":4},"end":{"line":10,"column":6}}},"fnMap":{"0":{"name":"(anonymous_0)","decl":{"start":{"line":5,"column":2},"end":{"line":5,"column":3}},"loc":{"start":{"line":5,"column":11},"end":{"line":11,"column":3}},"line":5}},"branchMap":{},"s":{"0":1},"f":{"0":1},"b":{},"_coverageSchema":"43e27e138ebf9cfc5966b082cf9a028302ed4184","hash":"515c997ddfbb2d7c2fc0d64ef69a86d906f1dcec"}
,"/Applications/MINE/LINE/line-test/src/components/LTable/index.jsx": {"path":"/Applications/MINE/LINE/line-test/src/components/LTable/index.jsx","statementMap":{"0":{"start":{"line":6,"column":2},"end":{"line":39,"column":4}},"1":{"start":{"line":24,"column":10},"end":{"line":35,"column":15}},"2":{"start":{"line":42,"column":0},"end":{"line":46,"column":2}}},"fnMap":{"0":{"name":"LTable","decl":{"start":{"line":5,"column":9},"end":{"line":5,"column":15}},"loc":{"start":{"line":5,"column":48},"end":{"line":40,"column":1}},"line":5},"1":{"name":"(anonymous_1)","decl":{"start":{"line":23,"column":75},"end":{"line":23,"column":76}},"loc":{"start":{"line":24,"column":10},"end":{"line":35,"column":15}},"line":24}},"branchMap":{},"s":{"0":1,"1":10,"2":1},"f":{"0":1,"1":10},"b":{},"_coverageSchema":"43e27e138ebf9cfc5966b082cf9a028302ed4184","hash":"34bd4000782ff46ec1115a43aae8f22b964fb405"}
,"/Applications/MINE/LINE/line-test/src/components/Main/index.jsx": {"path":"/Applications/MINE/LINE/line-test/src/components/Main/index.jsx","statementMap":{"0":{"start":{"line":11,"column":25},"end":{"line":11,"column":35}},"1":{"start":{"line":12,"column":4},"end":{"line":16,"column":6}}},"fnMap":{"0":{"name":"(anonymous_0)","decl":{"start":{"line":10,"column":2},"end":{"line":10,"column":3}},"loc":{"start":{"line":10,"column":11},"end":{"line":17,"column":3}},"line":10}},"branchMap":{},"s":{"0":1,"1":1},"f":{"0":1},"b":{},"_coverageSchema":"43e27e138ebf9cfc5966b082cf9a028302ed4184","hash":"aff9e7b9c4e6e46738ed5a29ed76dc16bf708026"}
,"/Applications/MINE/LINE/line-test/src/components/NavBar/index.jsx": {"path":"/Applications/MINE/LINE/line-test/src/components/NavBar/index.jsx","statementMap":{"0":{"start":{"line":6,"column":4},"end":{"line":12,"column":6}}},"fnMap":{"0":{"name":"(anonymous_0)","decl":{"start":{"line":5,"column":2},"end":{"line":5,"column":3}},"loc":{"start":{"line":5,"column":11},"end":{"line":13,"column":3}},"line":5}},"branchMap":{},"s":{"0":1},"f":{"0":1},"b":{},"_coverageSchema":"43e27e138ebf9cfc5966b082cf9a028302ed4184","hash":"08c20810eeeca85e3b02f8a305e28f98b819efd5"}
,"/Applications/MINE/LINE/line-test/src/components/Pagination/index.jsx": {"path":"/Applications/MINE/LINE/line-test/src/components/Pagination/index.jsx","statementMap":{"0":{"start":{"line":5,"column":44},"end":{"line":5,"column":49}},"1":{"start":{"line":6,"column":2},"end":{"line":44,"column":4}},"2":{"start":{"line":14,"column":14},"end":{"line":14,"column":69}},"3":{"start":{"line":21,"column":10},"end":{"line":30,"column":15}},"4":{"start":{"line":25,"column":16},"end":{"line":25,"column":38}},"5":{"start":{"line":36,"column":14},"end":{"line":36,"column":84}},"6":{"start":{"line":47,"column":0},"end":{"line":51,"column":2}},"7":{"start":{"line":53,"column":0},"end":{"line":55,"column":2}}},"fnMap":{"0":{"name":"Pagination","decl":{"start":{"line":4,"column":9},"end":{"line":4,"column":19}},"loc":{"start":{"line":4,"column":27},"end":{"line":45,"column":1}},"line":4},"1":{"name":"(anonymous_1)","decl":{"start":{"line":13,"column":21},"end":{"line":13,"column":22}},"loc":{"start":{"line":13,"column":27},"end":{"line":15,"column":13}},"line":13},"2":{"name":"(anonymous_2)","decl":{"start":{"line":20,"column":19},"end":{"line":20,"column":20}},"loc":{"start":{"line":21,"column":10},"end":{"line":30,"column":15}},"line":21},"3":{"name":"(anonymous_3)","decl":{"start":{"line":24,"column":23},"end":{"line":24,"column":24}},"loc":{"start":{"line":24,"column":29},"end":{"line":26,"column":15}},"line":24},"4":{"name":"(anonymous_4)","decl":{"start":{"line":35,"column":21},"end":{"line":35,"column":22}},"loc":{"start":{"line":35,"column":27},"end":{"line":37,"column":13}},"line":35}},"branchMap":{"0":{"loc":{"start":{"line":9,"column":36},"end":{"line":9,"column":69}},"type":"cond-expr","locations":[{"start":{"line":9,"column":54},"end":{"line":9,"column":64}},{"start":{"line":9,"column":67},"end":{"line":9,"column":69}}],"line":9},"1":{"loc":{"start":{"line":14,"column":26},"end":{"line":14,"column":67}},"type":"cond-expr","locations":[{"start":{"line":14,"column":42},"end":{"line":14,"column":55}},{"start":{"line":14,"column":58},"end":{"line":14,"column":67}}],"line":14},"2":{"loc":{"start":{"line":21,"column":49},"end":{"line":21,"column":87}},"type":"cond-expr","locations":[{"start":{"line":21,"column":74},"end":{"line":21,"column":82}},{"start":{"line":21,"column":85},"end":{"line":21,"column":87}}],"line":21},"3":{"loc":{"start":{"line":32,"column":36},"end":{"line":32,"column":83}},"type":"cond-expr","locations":[{"start":{"line":32,"column":68},"end":{"line":32,"column":78}},{"start":{"line":32,"column":81},"end":{"line":32,"column":83}}],"line":32},"4":{"loc":{"start":{"line":36,"column":26},"end":{"line":36,"column":82}},"type":"cond-expr","locations":[{"start":{"line":36,"column":57},"end":{"line":36,"column":70}},{"start":{"line":36,"column":73},"end":{"line":36,"column":82}}],"line":36}},"s":{"0":1,"1":1,"2":0,"3":4,"4":0,"5":0,"6":1,"7":1},"f":{"0":1,"1":0,"2":4,"3":0,"4":0},"b":{"0":[1,0],"1":[0,0],"2":[1,3],"3":[0,1],"4":[0,0]},"_coverageSchema":"43e27e138ebf9cfc5966b082cf9a028302ed4184","hash":"c13ec8259a69948e4d67a1eae68fb7ff4d5eeae9"}
,"/Applications/MINE/LINE/line-test/src/constants/AppConfig.js": {"path":"/Applications/MINE/LINE/line-test/src/constants/AppConfig.js","statementMap":{"0":{"start":{"line":1,"column":25},"end":{"line":5,"column":1}}},"fnMap":{},"branchMap":{},"s":{"0":1},"f":{},"b":{},"_coverageSchema":"43e27e138ebf9cfc5966b082cf9a028302ed4184","hash":"edf22a8cbdce53640e8698b617ce7db506b9dacf"}
,"/Applications/MINE/LINE/line-test/src/constants/AppData.js": {"path":"/Applications/MINE/LINE/line-test/src/constants/AppData.js","statementMap":{},"fnMap":{},"branchMap":{},"s":{},"f":{},"b":{},"_coverageSchema":"43e27e138ebf9cfc5966b082cf9a028302ed4184","hash":"d77c5865e265af7d73635f449fef154c780b6f2f"}
,"/Applications/MINE/LINE/line-test/src/constants/index.js": {"path":"/Applications/MINE/LINE/line-test/src/constants/index.js","statementMap":{},"fnMap":{},"branchMap":{},"s":{},"f":{},"b":{},"_coverageSchema":"43e27e138ebf9cfc5966b082cf9a028302ed4184","hash":"527ee030f39f7fbdd055b5a4e2c10b03a238c619"}
,"/Applications/MINE/LINE/line-test/src/containers/App/index.jsx": {"path":"/Applications/MINE/LINE/line-test/src/containers/App/index.jsx","statementMap":{"0":{"start":{"line":8,"column":4},"end":{"line":13,"column":6}}},"fnMap":{"0":{"name":"(anonymous_0)","decl":{"start":{"line":7,"column":2},"end":{"line":7,"column":3}},"loc":{"start":{"line":7,"column":11},"end":{"line":14,"column":3}},"line":7}},"branchMap":{},"s":{"0":1},"f":{"0":1},"b":{},"_coverageSchema":"43e27e138ebf9cfc5966b082cf9a028302ed4184","hash":"c1011932abc72da8cb4512fd579466f838acd0b0"}
,"/Applications/MINE/LINE/line-test/src/containers/Main/index.jsx": {"path":"/Applications/MINE/LINE/line-test/src/containers/Main/index.jsx","statementMap":{"0":{"start":{"line":6,"column":22},"end":{"line":11,"column":1}},"1":{"start":{"line":13,"column":27},"end":{"line":13,"column":61}},"2":{"start":{"line":17,"column":4},"end":{"line":17,"column":17}},"3":{"start":{"line":18,"column":4},"end":{"line":18,"column":31}},"4":{"start":{"line":19,"column":4},"end":{"line":19,"column":51}},"5":{"start":{"line":23,"column":4},"end":{"line":23,"column":33}},"6":{"start":{"line":27,"column":4},"end":{"line":50,"column":6}},"7":{"start":{"line":36,"column":14},"end":{"line":45,"column":31}}},"fnMap":{"0":{"name":"(anonymous_0)","decl":{"start":{"line":16,"column":2},"end":{"line":16,"column":3}},"loc":{"start":{"line":16,"column":21},"end":{"line":20,"column":3}},"line":16},"1":{"name":"(anonymous_1)","decl":{"start":{"line":22,"column":2},"end":{"line":22,"column":3}},"loc":{"start":{"line":22,"column":25},"end":{"line":24,"column":3}},"line":22},"2":{"name":"(anonymous_2)","decl":{"start":{"line":26,"column":2},"end":{"line":26,"column":3}},"loc":{"start":{"line":26,"column":11},"end":{"line":51,"column":3}},"line":26},"3":{"name":"(anonymous_3)","decl":{"start":{"line":35,"column":13},"end":{"line":35,"column":14}},"loc":{"start":{"line":36,"column":14},"end":{"line":45,"column":31}},"line":36}},"branchMap":{},"s":{"0":1,"1":1,"2":1,"3":1,"4":1,"5":0,"6":1,"7":1},"f":{"0":1,"1":0,"2":1,"3":1},"b":{},"_coverageSchema":"43e27e138ebf9cfc5966b082cf9a028302ed4184","hash":"6ee1a097e0121eede5fe12f125945e7e4d8f3446"}
,"/Applications/MINE/LINE/line-test/src/utils/helpers.js": {"path":"/Applications/MINE/LINE/line-test/src/utils/helpers.js","statementMap":{"0":{"start":{"line":7,"column":19},"end":{"line":7,"column":33}},"1":{"start":{"line":8,"column":2},"end":{"line":8,"column":56}},"2":{"start":{"line":8,"column":49},"end":{"line":8,"column":54}},"3":{"start":{"line":12,"column":2},"end":{"line":12,"column":30}},"4":{"start":{"line":12,"column":17},"end":{"line":12,"column":30}},"5":{"start":{"line":13,"column":2},"end":{"line":13,"column":33}},"6":{"start":{"line":13,"column":17},"end":{"line":13,"column":33}},"7":{"start":{"line":14,"column":2},"end":{"line":14,"column":34}},"8":{"start":{"line":14,"column":17},"end":{"line":14,"column":34}},"9":{"start":{"line":15,"column":2},"end":{"line":15,"column":19}}},"fnMap":{"0":{"name":"generatePages","decl":{"start":{"line":6,"column":16},"end":{"line":6,"column":29}},"loc":{"start":{"line":6,"column":58},"end":{"line":9,"column":1}},"line":6},"1":{"name":"(anonymous_1)","decl":{"start":{"line":8,"column":44},"end":{"line":8,"column":45}},"loc":{"start":{"line":8,"column":49},"end":{"line":8,"column":54}},"line":8},"2":{"name":"convertStatus","decl":{"start":{"line":11,"column":16},"end":{"line":11,"column":29}},"loc":{"start":{"line":11,"column":58},"end":{"line":16,"column":1}},"line":11}},"branchMap":{"0":{"loc":{"start":{"line":12,"column":2},"end":{"line":12,"column":30}},"type":"if","locations":[{"start":{"line":12,"column":2},"end":{"line":12,"column":30}},{"start":{"line":12,"column":2},"end":{"line":12,"column":30}}],"line":12},"1":{"loc":{"start":{"line":13,"column":2},"end":{"line":13,"column":33}},"type":"if","locations":[{"start":{"line":13,"column":2},"end":{"line":13,"column":33}},{"start":{"line":13,"column":2},"end":{"line":13,"column":33}}],"line":13},"2":{"loc":{"start":{"line":14,"column":2},"end":{"line":14,"column":34}},"type":"if","locations":[{"start":{"line":14,"column":2},"end":{"line":14,"column":34}},{"start":{"line":14,"column":2},"end":{"line":14,"column":34}}],"line":14}},"s":{"0":2,"1":2,"2":8,"3":10,"4":10,"5":0,"6":0,"7":0,"8":0,"9":0},"f":{"0":2,"1":8,"2":10},"b":{"0":[10,0],"1":[0,0],"2":[0,0]},"_coverageSchema":"43e27e138ebf9cfc5966b082cf9a028302ed4184","hash":"4d26902b6de407f2f049b0c990fa9d76c40bb775"}
}
