TN:
SF:/Applications/MINE/LINE/line-test/src/index.jsx
FN:14,(anonymous_0)
FN:18,(anonymous_1)
FNF:2
FNH:2
FNDA:1,(anonymous_0)
FNDA:1,(anonymous_1)
DA:10,1
DA:15,1
DA:19,1
DA:33,1
LF:4
LH:4
BRF:0
BRH:0
end_of_record
TN:
SF:/Applications/MINE/LINE/line-test/src/components/index.js
FNF:0
FNH:0
LF:0
LH:0
BRF:0
BRH:0
end_of_record
TN:
SF:/Applications/MINE/LINE/line-test/src/components/Alert/index.jsx
FN:4,Alert
FNF:1
FNH:1
FNDA:1,Alert
DA:5,1
DA:6,1
DA:7,1
DA:9,0
DA:16,2
DA:22,2
LF:6
LH:5
BRDA:6,0,0,1
BRDA:6,0,1,0
BRF:2
BRH:1
end_of_record
TN:
SF:/Applications/MINE/LINE/line-test/src/components/CountingTextArea/index.jsx
FN:4,CountingTextArea
FN:11,(anonymous_1)
FNF:2
FNH:0
FNDA:0,CountingTextArea
FNDA:0,(anonymous_1)
DA:5,0
DA:6,0
DA:7,0
DA:12,0
DA:13,0
DA:22,2
LF:6
LH:1
BRF:0
BRH:0
end_of_record
TN:
SF:/Applications/MINE/LINE/line-test/src/components/DataProvider/index.jsx
FN:14,(anonymous_0)
FN:24,(anonymous_1)
FN:28,(anonymous_2)
FNF:3
FNH:0
FNDA:0,(anonymous_0)
FNDA:0,(anonymous_1)
FNDA:0,(anonymous_2)
DA:4,2
DA:11,2
DA:15,0
DA:16,0
DA:17,0
DA:25,0
DA:29,0
DA:30,0
LF:8
LH:2
BRF:0
BRH:0
end_of_record
TN:
SF:/Applications/MINE/LINE/line-test/src/components/DetailModal/index.jsx
FN:6,DetailModal
FN:20,(anonymous_1)
FN:35,(anonymous_2)
FNF:3
FNH:1
FNDA:1,DetailModal
FNDA:0,(anonymous_1)
FNDA:0,(anonymous_2)
DA:7,1
DA:8,1
DA:20,0
DA:35,0
DA:48,2
DA:58,2
LF:6
LH:4
BRDA:10,0,0,0
BRDA:10,0,1,1
BRDA:11,1,0,0
BRDA:11,1,1,1
BRDA:27,2,0,0
BRDA:27,2,1,1
BRF:6
BRH:3
end_of_record
TN:
SF:/Applications/MINE/LINE/line-test/src/components/DetailModal/components/DetailForm/index.jsx
FN:10,FormDetail
FN:23,(anonymous_1)
FN:41,(anonymous_2)
FN:62,(anonymous_3)
FN:78,(anonymous_4)
FN:90,(anonymous_5)
FN:102,(anonymous_6)
FN:118,(anonymous_7)
FN:146,(anonymous_8)
FN:169,(anonymous_9)
FN:182,(anonymous_10)
FNF:11
FNH:0
FNDA:0,FormDetail
FNDA:0,(anonymous_1)
FNDA:0,(anonymous_2)
FNDA:0,(anonymous_3)
FNDA:0,(anonymous_4)
FNDA:0,(anonymous_5)
FNDA:0,(anonymous_6)
FNDA:0,(anonymous_7)
FNDA:0,(anonymous_8)
FNDA:0,(anonymous_9)
FNDA:0,(anonymous_10)
DA:11,0
DA:12,0
DA:23,0
DA:41,0
DA:62,0
DA:78,0
DA:90,0
DA:102,0
DA:118,0
DA:146,0
DA:169,0
DA:182,0
DA:190,2
DA:196,2
LF:14
LH:2
BRDA:29,0,0,0
BRDA:29,0,1,0
BRDA:29,1,0,0
BRDA:29,1,1,0
BRDA:50,2,0,0
BRDA:50,2,1,0
BRDA:50,3,0,0
BRDA:50,3,1,0
BRDA:66,4,0,0
BRDA:66,4,1,0
BRDA:66,5,0,0
BRDA:66,5,1,0
BRDA:111,6,0,0
BRDA:111,6,1,0
BRDA:112,7,0,0
BRDA:112,7,1,0
BRDA:129,8,0,0
BRDA:129,8,1,0
BRDA:129,9,0,0
BRDA:129,9,1,0
BRDA:131,10,0,0
BRDA:131,10,1,0
BRDA:131,11,0,0
BRDA:131,11,1,0
BRDA:139,12,0,0
BRDA:139,12,1,0
BRDA:140,13,0,0
BRDA:140,13,1,0
BRDA:156,14,0,0
BRDA:156,14,1,0
BRDA:156,15,0,0
BRDA:156,15,1,0
BRDA:157,16,0,0
BRDA:157,16,1,0
BRDA:157,17,0,0
BRDA:157,17,1,0
BRF:36
BRH:0
end_of_record
TN:
SF:/Applications/MINE/LINE/line-test/src/components/FormatInput/index.jsx
FN:5,FormatInput
FN:12,(anonymous_1)
FNF:2
FNH:0
FNDA:0,FormatInput
FNDA:0,(anonymous_1)
DA:6,0
DA:7,0
DA:8,0
DA:13,0
DA:14,0
DA:15,0
DA:22,2
LF:7
LH:1
BRDA:7,0,0,0
BRDA:7,0,1,0
BRF:2
BRH:0
end_of_record
TN:
SF:/Applications/MINE/LINE/line-test/src/components/Header/index.jsx
FN:5,(anonymous_0)
FNF:1
FNH:1
FNDA:1,(anonymous_0)
DA:6,1
LF:1
LH:1
BRF:0
BRH:0
end_of_record
TN:
SF:/Applications/MINE/LINE/line-test/src/components/LTable/index.jsx
FN:5,LTable
FN:19,(anonymous_1)
FN:34,(anonymous_2)
FN:57,(anonymous_3)
FN:60,(anonymous_4)
FN:61,(anonymous_5)
FN:73,(anonymous_6)
FN:80,(anonymous_7)
FNF:8
FNH:1
FNDA:1,LTable
FNDA:0,(anonymous_1)
FNDA:0,(anonymous_2)
FNDA:0,(anonymous_3)
FNDA:0,(anonymous_4)
FNDA:0,(anonymous_5)
FNDA:0,(anonymous_6)
FNDA:0,(anonymous_7)
DA:6,1
DA:7,1
DA:11,1
DA:19,0
DA:34,0
DA:58,0
DA:60,0
DA:61,0
DA:73,0
DA:80,0
DA:93,2
LF:11
LH:4
BRDA:17,0,0,0
BRDA:17,0,1,1
BRDA:17,1,0,1
BRDA:17,1,1,0
BRDA:32,2,0,0
BRDA:32,2,1,1
BRDA:32,3,0,1
BRDA:32,3,1,0
BRDA:43,4,0,1
BRDA:43,4,1,0
BRF:10
BRH:5
end_of_record
TN:
SF:/Applications/MINE/LINE/line-test/src/components/Main/index.jsx
FN:10,(anonymous_0)
FNF:1
FNH:1
FNDA:1,(anonymous_0)
DA:11,1
DA:12,1
LF:2
LH:2
BRF:0
BRH:0
end_of_record
TN:
SF:/Applications/MINE/LINE/line-test/src/components/NavBar/index.jsx
FN:5,(anonymous_0)
FNF:1
FNH:1
FNDA:1,(anonymous_0)
DA:6,1
LF:1
LH:1
BRF:0
BRH:0
end_of_record
TN:
SF:/Applications/MINE/LINE/line-test/src/components/Pagination/index.jsx
FN:4,Pagination
FN:13,(anonymous_1)
FN:20,(anonymous_2)
FN:24,(anonymous_3)
FN:35,(anonymous_4)
FNF:5
FNH:1
FNDA:1,Pagination
FNDA:0,(anonymous_1)
FNDA:0,(anonymous_2)
FNDA:0,(anonymous_3)
FNDA:0,(anonymous_4)
DA:5,1
DA:6,1
DA:14,0
DA:21,0
DA:25,0
DA:36,0
DA:47,2
DA:53,2
LF:8
LH:4
BRDA:9,0,0,1
BRDA:9,0,1,0
BRDA:14,1,0,0
BRDA:14,1,1,0
BRDA:21,2,0,0
BRDA:21,2,1,0
BRDA:32,3,0,1
BRDA:32,3,1,0
BRDA:36,4,0,0
BRDA:36,4,1,0
BRF:10
BRH:2
end_of_record
TN:
SF:/Applications/MINE/LINE/line-test/src/components/ToolBar/index.jsx
FN:4,ToolBar
FN:9,(anonymous_1)
FNF:2
FNH:1
FNDA:1,ToolBar
FNDA:0,(anonymous_1)
DA:5,1
DA:6,1
DA:9,0
DA:17,2
LF:4
LH:3
BRF:0
BRH:0
end_of_record
TN:
SF:/Applications/MINE/LINE/line-test/src/containers/App/index.jsx
FN:7,(anonymous_0)
FNF:1
FNH:1
FNDA:1,(anonymous_0)
DA:8,1
LF:1
LH:1
BRF:0
BRH:0
end_of_record
TN:
SF:/Applications/MINE/LINE/line-test/src/containers/Main/index.jsx
FN:39,(anonymous_0)
FN:64,(anonymous_1)
FN:68,(anonymous_2)
FN:73,(anonymous_3)
FN:92,(anonymous_4)
FN:104,(anonymous_5)
FN:116,(anonymous_6)
FN:128,(anonymous_7)
FN:143,(anonymous_8)
FN:147,(anonymous_9)
FN:158,(anonymous_10)
FNF:11
FNH:3
FNDA:2,(anonymous_0)
FNDA:0,(anonymous_1)
FNDA:0,(anonymous_2)
FNDA:0,(anonymous_3)
FNDA:0,(anonymous_4)
FNDA:0,(anonymous_5)
FNDA:0,(anonymous_6)
FNDA:0,(anonymous_7)
FNDA:0,(anonymous_8)
FNDA:2,(anonymous_9)
FNDA:1,(anonymous_10)
DA:12,2
DA:13,2
DA:14,2
DA:21,2
DA:34,2
DA:35,2
DA:36,2
DA:40,2
DA:41,2
DA:54,2
DA:55,2
DA:56,2
DA:57,2
DA:58,2
DA:59,2
DA:60,2
DA:61,2
DA:65,0
DA:69,0
DA:70,0
DA:74,0
DA:75,0
DA:83,0
DA:93,0
DA:94,0
DA:95,0
DA:96,0
DA:101,0
DA:105,0
DA:106,0
DA:107,0
DA:108,0
DA:113,0
DA:117,0
DA:118,0
DA:119,0
DA:124,0
DA:125,0
DA:129,0
DA:130,0
DA:131,0
DA:132,0
DA:133,0
DA:134,0
DA:136,0
DA:137,0
DA:139,0
DA:144,0
DA:148,2
DA:149,2
DA:150,2
DA:159,1
LF:52
LH:21
BRDA:12,0,0,2
BRDA:12,0,1,2
BRDA:74,1,0,0
BRDA:74,1,1,0
BRDA:132,2,0,0
BRDA:132,2,1,0
BRDA:136,3,0,0
BRDA:136,3,1,0
BRF:8
BRH:2
end_of_record
TN:
SF:/Applications/MINE/LINE/line-test/src/utils/helpers.js
FN:6,generatePages
FN:8,(anonymous_1)
FN:11,convertStatus
FN:18,formatString
FN:25,validateFormat
FN:30,sortArray
FN:32,(anonymous_6)
FN:38,(anonymous_7)
FN:45,saveData
FN:50,getData
FN:55,appendData
FN:61,deleteData
FN:68,updateData
FN:75,validateFields
FN:108,validateResults
FNF:15
FNH:15
FNDA:3,generatePages
FNDA:2,(anonymous_1)
FNDA:4,convertStatus
FNDA:3,formatString
FNDA:8,validateFormat
FNDA:3,sortArray
FNDA:7,(anonymous_6)
FNDA:7,(anonymous_7)
FNDA:1,saveData
FNDA:12,getData
FNDA:5,appendData
FNDA:2,deleteData
FNDA:2,updateData
FNDA:6,validateFields
FNDA:3,validateResults
DA:7,3
DA:8,3
DA:12,4
DA:13,3
DA:14,2
DA:15,1
DA:19,3
DA:20,1
DA:21,2
DA:22,1
DA:26,8
DA:27,1
DA:31,3
DA:32,1
DA:33,7
DA:34,5
DA:35,1
DA:38,2
DA:39,7
DA:40,6
DA:41,1
DA:46,1
DA:51,12
DA:52,12
DA:56,5
DA:57,5
DA:58,5
DA:62,2
DA:63,2
DA:64,1
DA:65,1
DA:69,2
DA:70,2
DA:71,1
DA:72,1
DA:76,6
DA:77,6
DA:78,6
DA:79,6
DA:80,6
DA:82,6
DA:109,3
DA:110,2
DA:115,1
LF:44
LH:44
BRDA:12,0,0,1
BRDA:12,0,1,3
BRDA:13,1,0,1
BRDA:13,1,1,2
BRDA:14,2,0,1
BRDA:14,2,1,1
BRDA:19,3,0,1
BRDA:19,3,1,2
BRDA:21,4,0,1
BRDA:21,4,1,1
BRDA:26,5,0,7
BRDA:26,5,1,1
BRDA:31,6,0,1
BRDA:31,6,1,2
BRDA:33,7,0,2
BRDA:33,7,1,5
BRDA:34,8,0,4
BRDA:34,8,1,1
BRDA:39,9,0,1
BRDA:39,9,1,6
BRDA:40,10,0,5
BRDA:40,10,1,1
BRDA:56,11,0,5
BRDA:56,11,1,4
BRDA:62,12,0,2
BRDA:62,12,1,1
BRDA:63,13,0,1
BRDA:63,13,1,1
BRDA:69,14,0,2
BRDA:69,14,1,1
BRDA:70,15,0,1
BRDA:70,15,1,1
BRDA:76,16,0,6
BRDA:76,16,1,5
BRDA:79,17,0,6
BRDA:79,17,1,6
BRDA:80,18,0,6
BRDA:80,18,1,6
BRDA:85,19,0,2
BRDA:85,19,1,4
BRDA:89,20,0,3
BRDA:89,20,1,3
BRDA:93,21,0,3
BRDA:93,21,1,3
BRDA:97,22,0,3
BRDA:97,22,1,3
BRDA:101,23,0,3
BRDA:101,23,1,3
BRDA:104,24,0,6
BRDA:104,24,1,4
BRDA:104,24,2,3
BRDA:104,24,3,2
BRDA:104,24,4,1
BRDA:109,25,0,2
BRDA:109,25,1,1
BRDA:111,26,0,1
BRDA:111,26,1,1
BRF:57
BRH:57
end_of_record
