TN:
SF:/Applications/MINE/LINE/line-test/src/index.jsx
FN:14,(anonymous_0)
FN:18,(anonymous_1)
FNF:2
FNH:2
FNDA:1,(anonymous_0)
FNDA:1,(anonymous_1)
DA:10,1
DA:15,1
DA:19,1
DA:33,1
LF:4
LH:4
BRF:0
BRH:0
end_of_record
TN:
SF:/Applications/MINE/LINE/line-test/src/components/index.js
FNF:0
FNH:0
LF:0
LH:0
BRF:0
BRH:0
end_of_record
TN:
SF:/Applications/MINE/LINE/line-test/src/components/DataProvider/index.jsx
FN:16,(anonymous_0)
FN:26,(anonymous_1)
FN:30,(anonymous_2)
FNF:3
FNH:0
FNDA:0,(anonymous_0)
FNDA:0,(anonymous_1)
FNDA:0,(anonymous_2)
DA:6,1
DA:13,1
DA:17,0
DA:18,0
DA:19,0
DA:27,0
DA:31,0
DA:32,0
LF:8
LH:2
BRF:0
BRH:0
end_of_record
TN:
SF:/Applications/MINE/LINE/line-test/src/components/Header/index.jsx
FN:5,(anonymous_0)
FNF:1
FNH:1
FNDA:1,(anonymous_0)
DA:6,1
LF:1
LH:1
BRF:0
BRH:0
end_of_record
TN:
SF:/Applications/MINE/LINE/line-test/src/components/LTable/index.jsx
FN:5,LTable
FN:23,(anonymous_1)
FNF:2
FNH:2
FNDA:1,LTable
FNDA:10,(anonymous_1)
DA:6,1
DA:24,10
DA:42,1
LF:3
LH:3
BRF:0
BRH:0
end_of_record
TN:
SF:/Applications/MINE/LINE/line-test/src/components/Main/index.jsx
FN:10,(anonymous_0)
FNF:1
FNH:1
FNDA:1,(anonymous_0)
DA:11,1
DA:12,1
LF:2
LH:2
BRF:0
BRH:0
end_of_record
TN:
SF:/Applications/MINE/LINE/line-test/src/components/NavBar/index.jsx
FN:5,(anonymous_0)
FNF:1
FNH:1
FNDA:1,(anonymous_0)
DA:6,1
LF:1
LH:1
BRF:0
BRH:0
end_of_record
TN:
SF:/Applications/MINE/LINE/line-test/src/components/Pagination/index.jsx
FN:4,Pagination
FN:13,(anonymous_1)
FN:20,(anonymous_2)
FN:24,(anonymous_3)
FN:35,(anonymous_4)
FNF:5
FNH:2
FNDA:1,Pagination
FNDA:0,(anonymous_1)
FNDA:4,(anonymous_2)
FNDA:0,(anonymous_3)
FNDA:0,(anonymous_4)
DA:5,1
DA:6,1
DA:14,0
DA:21,4
DA:25,0
DA:36,0
DA:47,1
DA:53,1
LF:8
LH:5
BRDA:9,0,0,1
BRDA:9,0,1,0
BRDA:14,1,0,0
BRDA:14,1,1,0
BRDA:21,2,0,1
BRDA:21,2,1,3
BRDA:32,3,0,0
BRDA:32,3,1,1
BRDA:36,4,0,0
BRDA:36,4,1,0
BRF:10
BRH:4
end_of_record
TN:
SF:/Applications/MINE/LINE/line-test/src/constants/AppConfig.js
FNF:0
FNH:0
DA:1,1
LF:1
LH:1
BRF:0
BRH:0
end_of_record
TN:
SF:/Applications/MINE/LINE/line-test/src/constants/AppData.js
FNF:0
FNH:0
LF:0
LH:0
BRF:0
BRH:0
end_of_record
TN:
SF:/Applications/MINE/LINE/line-test/src/constants/index.js
FNF:0
FNH:0
LF:0
LH:0
BRF:0
BRH:0
end_of_record
TN:
SF:/Applications/MINE/LINE/line-test/src/containers/App/index.jsx
FN:7,(anonymous_0)
FNF:1
FNH:1
FNDA:1,(anonymous_0)
DA:8,1
LF:1
LH:1
BRF:0
BRH:0
end_of_record
TN:
SF:/Applications/MINE/LINE/line-test/src/containers/Main/index.jsx
FN:16,(anonymous_0)
FN:22,(anonymous_1)
FN:26,(anonymous_2)
FN:35,(anonymous_3)
FNF:4
FNH:3
FNDA:1,(anonymous_0)
FNDA:0,(anonymous_1)
FNDA:1,(anonymous_2)
FNDA:1,(anonymous_3)
DA:6,1
DA:13,1
DA:17,1
DA:18,1
DA:19,1
DA:23,0
DA:27,1
DA:36,1
LF:8
LH:7
BRF:0
BRH:0
end_of_record
TN:
SF:/Applications/MINE/LINE/line-test/src/utils/helpers.js
FN:6,generatePages
FN:8,(anonymous_1)
FN:11,convertStatus
FNF:3
FNH:3
FNDA:2,generatePages
FNDA:8,(anonymous_1)
FNDA:10,convertStatus
DA:7,2
DA:8,8
DA:12,10
DA:13,0
DA:14,0
DA:15,0
LF:6
LH:3
BRDA:12,0,0,10
BRDA:12,0,1,0
BRDA:13,1,0,0
BRDA:13,1,1,0
BRDA:14,2,0,0
BRDA:14,2,1,0
BRF:6
BRH:1
end_of_record
